# JRE version: OpenJDK Runtime Environment Temurin-17.0.4+8 (17.0.4+8) (build 17.0.4+8)
# Java VM: OpenJDK 64-Bit Server VM Temurin-17.0.4+8 (17.0.4+8, mixed mode, emulated-client, tiered, compressed oops, compressed class ptrs, g1 gc, windows-amd64)
GC Precious Log:
 CPUs: 8 total, 8 available
 Memory: 16298M
 Large Page Support: Disabled
 NUMA Support: Disabled
 Compressed Oops: Enabled (Zero based)
 Heap Region Size: 2M
 Heap Min Capacity: 8M
 Heap Initial Capacity: 256M
 Heap Max Capacity: 4076M
 Pre-touch: Disabled
 Parallel Workers: 8
 Concurrent Workers: 2
 Concurrent Refinement Workers: 8
 Periodic GC: Disabled
Heap:
 garbage-first heap   total 122880K, used 38529K [0x0000000701400000, 0x0000000800000000)
  region size 2048K, 1 young (2048K), 0 survivors (0K)
 Metaspace       used 52937K, committed 53312K, reserved 1097728K
  class space    used 7018K, committed 7168K, reserved 1048576K
GC Heap History (20 events):
Event: 4143.280 GC heap after
{Heap after GC invocations=343 (full 277):
 garbage-first heap   total 122880K, used 38509K [0x0000000701400000, 0x0000000800000000)
  region size 2048K, 0 young (0K), 0 survivors (0K)
 Metaspace       used 52937K, committed 53312K, reserved 1097728K
  class space    used 7018K, committed 7168K, reserved 1048576K
}
Event: 4153.429 GC heap before
{Heap before GC invocations=343 (full 277):
 garbage-first heap   total 122880K, used 38509K [0x0000000701400000, 0x0000000800000000)
  region size 2048K, 1 young (2048K), 0 survivors (0K)
 Metaspace       used 52937K, committed 53312K, reserved 1097728K
  class space    used 7018K, committed 7168K, reserved 1048576K
}
Event: 4153.479 GC heap after
{Heap after GC invocations=344 (full 278):
 garbage-first heap   total 122880K, used 38509K [0x0000000701400000, 0x0000000800000000)
  region size 2048K, 0 young (0K), 0 survivors (0K)
 Metaspace       used 52937K, committed 53312K, reserved 1097728K
  class space    used 7018K, committed 7168K, reserved 1048576K
}
Event: 4163.650 GC heap before
{Heap before GC invocations=344 (full 278):
 garbage-first heap   total 122880K, used 38509K [0x0000000701400000, 0x0000000800000000)
  region size 2048K, 1 young (2048K), 0 survivors (0K)
 Metaspace       used 52937K, committed 53312K, reserved 1097728K
  class space    used 7018K, committed 7168K, reserved 1048576K
}
Event: 4163.697 GC heap after
{Heap after GC invocations=345 (full 279):
 garbage-first heap   total 122880K, used 38509K [0x0000000701400000, 0x0000000800000000)
  region size 2048K, 0 young (0K), 0 survivors (0K)
 Metaspace       used 52937K, committed 53312K, reserved 1097728K
  class space    used 7018K, committed 7168K, reserved 1048576K
}
Event: 4173.837 GC heap before
{Heap before GC invocations=345 (full 279):
 garbage-first heap   total 122880K, used 38509K [0x0000000701400000, 0x0000000800000000)
  region size 2048K, 1 young (2048K), 0 survivors (0K)
 Metaspace       used 52937K, committed 53312K, reserved 1097728K
  class space    used 7018K, committed 7168K, reserved 1048576K
}
Event: 4173.886 GC heap after
{Heap after GC invocations=346 (full 280):
 garbage-first heap   total 122880K, used 38509K [0x0000000701400000, 0x0000000800000000)
  region size 2048K, 0 young (0K), 0 survivors (0K)
 Metaspace       used 52937K, committed 53312K, reserved 1097728K
  class space    used 7018K, committed 7168K, reserved 1048576K
}
Event: 4184.030 GC heap before
{Heap before GC invocations=346 (full 280):
 garbage-first heap   total 122880K, used 38509K [0x0000000701400000, 0x0000000800000000)
  region size 2048K, 1 young (2048K), 0 survivors (0K)
 Metaspace       used 52937K, committed 53312K, reserved 1097728K
  class space    used 7018K, committed 7168K, reserved 1048576K
}
Event: 4184.084 GC heap after
{Heap after GC invocations=347 (full 281):
 garbage-first heap   total 122880K, used 38509K [0x0000000701400000, 0x0000000800000000)
  region size 2048K, 0 young (0K), 0 survivors (0K)
 Metaspace       used 52937K, committed 53312K, reserved 1097728K
  class space    used 7018K, committed 7168K, reserved 1048576K
}
Event: 4194.237 GC heap before
{Heap before GC invocations=347 (full 281):
 garbage-first heap   total 122880K, used 38509K [0x0000000701400000, 0x0000000800000000)
  region size 2048K, 1 young (2048K), 0 survivors (0K)
 Metaspace       used 52937K, committed 53312K, reserved 1097728K
  class space    used 7018K, committed 7168K, reserved 1048576K
}
Event: 4194.283 GC heap after
{Heap after GC invocations=348 (full 282):
 garbage-first heap   total 122880K, used 38509K [0x0000000701400000, 0x0000000800000000)
  region size 2048K, 0 young (0K), 0 survivors (0K)
 Metaspace       used 52937K, committed 53312K, reserved 1097728K
  class space    used 7018K, committed 7168K, reserved 1048576K
}
Event: 4204.590 GC heap before
{Heap before GC invocations=348 (full 282):
 garbage-first heap   total 122880K, used 38509K [0x0000000701400000, 0x0000000800000000)
  region size 2048K, 1 young (2048K), 0 survivors (0K)
 Metaspace       used 52937K, committed 53312K, reserved 1097728K
  class space    used 7018K, committed 7168K, reserved 1048576K
}
Event: 4204.656 GC heap after
{Heap after GC invocations=349 (full 283):
 garbage-first heap   total 122880K, used 38509K [0x0000000701400000, 0x0000000800000000)
  region size 2048K, 0 young (0K), 0 survivors (0K)
 Metaspace       used 52937K, committed 53312K, reserved 1097728K
  class space    used 7018K, committed 7168K, reserved 1048576K
}
Event: 4214.837 GC heap before
{Heap before GC invocations=349 (full 283):
 garbage-first heap   total 122880K, used 38509K [0x0000000701400000, 0x0000000800000000)
  region size 2048K, 1 young (2048K), 0 survivors (0K)
 Metaspace       used 52937K, committed 53312K, reserved 1097728K
  class space    used 7018K, committed 7168K, reserved 1048576K
}
Event: 4214.927 GC heap after
{Heap after GC invocations=350 (full 284):
 garbage-first heap   total 122880K, used 38509K [0x0000000701400000, 0x0000000800000000)
  region size 2048K, 0 young (0K), 0 survivors (0K)
 Metaspace       used 52937K, committed 53312K, reserved 1097728K
  class space    used 7018K, committed 7168K, reserved 1048576K
}
Event: 4225.135 GC heap before
{Heap before GC invocations=350 (full 284):
 garbage-first heap   total 122880K, used 38509K [0x0000000701400000, 0x0000000800000000)
  region size 2048K, 1 young (2048K), 0 survivors (0K)
 Metaspace       used 52937K, committed 53312K, reserved 1097728K
  class space    used 7018K, committed 7168K, reserved 1048576K
}
Event: 4225.245 GC heap after
{Heap after GC invocations=351 (full 285):
 garbage-first heap   total 122880K, used 38509K [0x0000000701400000, 0x0000000800000000)
  region size 2048K, 0 young (0K), 0 survivors (0K)
 Metaspace       used 52937K, committed 53312K, reserved 1097728K
  class space    used 7018K, committed 7168K, reserved 1048576K
}
Event: 4235.435 GC heap before
{Heap before GC invocations=351 (full 285):
 garbage-first heap   total 122880K, used 38509K [0x0000000701400000, 0x0000000800000000)
  region size 2048K, 1 young (2048K), 0 survivors (0K)
 Metaspace       used 52937K, committed 53312K, reserved 1097728K
  class space    used 7018K, committed 7168K, reserved 1048576K
}
Event: 4235.553 GC heap after
{Heap after GC invocations=352 (full 286):
 garbage-first heap   total 122880K, used 38509K [0x0000000701400000, 0x0000000800000000)
  region size 2048K, 0 young (0K), 0 survivors (0K)
 Metaspace       used 52937K, committed 53312K, reserved 1097728K
  class space    used 7018K, committed 7168K, reserved 1048576K
}
Event: 4245.790 GC heap before
{Heap before GC invocations=352 (full 286):
 garbage-first heap   total 122880K, used 38509K [0x0000000701400000, 0x0000000800000000)
  region size 2048K, 1 young (2048K), 0 survivors (0K)
 Metaspace       used 52937K, committed 53312K, reserved 1097728K
  class space    used 7018K, committed 7168K, reserved 1048576K
}

